
Bookモデルのテスト
  バリデーションのテスト
    titleカラム
[32m      空欄でないこと[0m
    bodyカラム
[32m      空欄でないこと[0m
[32m      200文字以下であること[0m
  アソシエーションのテスト
    Userモデルとの関係
[32m      N:1となっている[0m

Userモデルのテスト
  バリデーションのテスト
    nameカラム
[32m      空欄でないこと[0m
[32m      2文字以上であること[0m
[32m      20文字以下であること[0m
    introductionカラム
[32m      50文字以下であること[0m
  アソシエーションのテスト
    Bookモデルとの関係
[32m      1:Nとなっている[0m

投稿のテスト
  サイドバーのテスト
    表示の確認
[32m      New bookと表示される[0m
[32m      titleフォームが表示される[0m
[32m      opinionフォームが表示される[0m
[32m      Create Bookボタンが表示される[0m
[32m      投稿に成功する[0m
[32m      投稿に失敗する[0m
  編集のテスト
    自分の投稿の編集画面への遷移
[32m      遷移できる[0m
    他人の投稿の編集画面への遷移
[32m      遷移できない[0m
    表示の確認
[32m      Editing Bookと表示される[0m
[32m      title編集フォームが表示される[0m
[32m      opinion編集フォームが表示される[0m
[32m      Showリンクが表示される[0m
[32m      Backリンクが表示される[0m
    フォームの確認
[31m      編集に成功する (FAILED - 1)[0m
[32m      編集に失敗する[0m
  一覧画面のテスト
    表示の確認
[32m      Booksと表示される[0m
[32m      自分と他人の画像のリンク先が正しい[0m
[32m      自分と他人のタイトルのリンク先が正しい[0m
[32m      自分と他人のオピニオンが表示される[0m
  詳細画面のテスト
    自分・他人共通の投稿詳細画面の表示を確認
[32m      Book detailと表示される[0m
[32m      ユーザー画像・名前のリンク先が正しい[0m
[32m      投稿のtitleが表示される[0m
[32m      投稿のopinionが表示される[0m
    自分の投稿詳細画面の表示を確認
[32m      投稿の編集リンクが表示される[0m
[32m      投稿の削除リンクが表示される[0m
    他人の投稿詳細画面の表示を確認
[32m      投稿の編集リンクが表示されない[0m
[32m      投稿の削除リンクが表示されない[0m

bootstrapのテスト
  グリッドシステムのテスト
    ユーザー関連画面
[32m      一覧画面[0m
[32m      詳細画面[0m
    投稿関連画面
[32m      一覧画面[0m
[32m      詳細画面[0m

ヘッダーのテスト
  ログインしていない場合
    ヘッダーの表示を確認
[32m      タイトルが表示される[0m
[32m      Homeリンクが表示される[0m
[32m      Aboutリンクが表示される[0m
[32m      Sign upリンクが表示される[0m
[32m      loginリンクが表示される[0m
    ヘッダーのリンクを確認
[32m      Home画面に遷移する[0m
[32m      About画面に遷移する[0m
[32m      新規登録画面に遷移する[0m
[32m      ログイン画面に遷移する[0m
  ログインしている場合
    ヘッダーの表示を確認
[32m      タイトルが表示される[0m
[32m      Homeリンクが表示される[0m
[32m      Usersリンクが表示される[0m
[32m      Booksリンクが表示される[0m
[32m      logoutリンクが表示される[0m
    ヘッダーのリンクを確認
[32m      Home画面に遷移する[0m
[32m      Users画面に遷移する[0m
[32m      Books画面に遷移する[0m
[32m      logoutする[0m

ユーザー権限のテスト
  ログインしていない場合
    投稿関連のURLにアクセス
[32m      一覧画面に遷移できない[0m
[32m      編集画面に遷移できない[0m
[32m      詳細画面に遷移できない[0m
  ログインしていない場合にユーザー関連のURLにアクセス
    ユーザー関連のURLにアクセス
[32m      一覧画面に遷移できない[0m
[32m      編集画面に遷移できない[0m
[32m      詳細画面に遷移でない[0m

トップページのテスト
  ボディ部分のテスト
    表示の確認
[32m      Log inリンクが表示される[0m
[32m      Sign Upリンクが表示される[0m
    ログインしている場合の挙動を確認
[32m      Log inリンクをクリックしたらユーザー詳細画面へ遷移する[0m
[32m      Sign Upリンクをクリックしたらユーザー詳細画面に遷移する[0m
    ログインしていない場合の挙動を確認
[32m      Log inリンクをクリックしたらログイン画面へ遷移する[0m
[32m      Sign Upリンクをクリックしたら新規登録画面に遷移する[0m

ユーザー認証のテスト
  ユーザー新規登録
    新規登録画面に遷移
[32m      新規登録に成功する[0m
[32m      新規登録に失敗する[0m
  ユーザーログイン
    ログイン画面に遷移
[32m      ログインに成功する[0m
[32m      ログインに失敗する[0m

ユーザーのテスト
  サイドバーのテスト
    表示の確認
[32m      User infoと表示される[0m
[32m      画像が表示される[0m
[32m      名前が表示される[0m
[32m      自己紹介が表示される[0m
[32m      編集リンクが表示される[0m
  編集のテスト
    自分の編集画面への遷移
[32m      遷移できる[0m
    他人の編集画面への遷移
[32m      遷移できない[0m
    表示の確認
[31m      User infoと表示される (FAILED - 2)[0m
[32m      名前編集フォームに自分の名前が表示される[0m
[32m      画像編集フォームが表示される[0m
[32m      自己紹介編集フォームに自分の自己紹介が表示される[0m
[31m      編集に成功する (FAILED - 3)[0m
[31m      編集に失敗する (FAILED - 4)[0m
  一覧画面のテスト
    表示の確認
[32m      Usersと表示される[0m
[32m      自分と他の人の画像が表示される[0m
[32m      自分と他の人の名前が表示される[0m
[32m      showリンクが表示される[0m
  詳細画面のテスト
    表示の確認
[32m      Booksと表示される[0m
[32m      投稿一覧のユーザーの画像のリンク先が正しい[0m
[32m      投稿一覧のtitleのリンク先が正しい[0m
[32m      投稿一覧にopinionが表示される[0m

Failures:

  1) 投稿のテスト 編集のテスト フォームの確認 編集に成功する
     [31mFailure/Error: expect(page).to have_content 'successfully'[0m
     [31m  expected to find text "successfully" in "Bookers\nHome Users Books logout\nUser info\nname koh9vzg7fg introduction 999naceffpyud7zvxb3b\nNew book\nTitle\nopinion\n1j17sfc1j8lyprx9jn60\nBook detail\nkoh9vzg7fg yjvit 1j17sfc1j8lyprx9jn60 Edit Destroy\nCopyRight Infratop.inc"[0m
     [31m[0m
     [31m[0m
     [31m[0m
     [36m# ./spec/system/books_spec.rb:79:in `block (4 levels) in <main>'[0m

  2) ユーザーのテスト 編集のテスト 表示の確認 User infoと表示される
     [31mFailure/Error: expect(page).to have_content('User info')[0m
     [31m  expected to find text "User info" in "Bookers\nHome Users Books logout\nUsers info\nName\nImage\nIntroduction 9qeednfwbehu9602gprf\nCopyRight Infratop.inc"[0m
     [31m[0m
     [31m[0m
     [31m[0m
     [36m# ./spec/system/users_spec.rb:105:in `block (4 levels) in <main>'[0m

  3) ユーザーのテスト 編集のテスト 表示の確認 編集に成功する
     [31mFailure/Error: expect(page).to have_content 'successfully'[0m
     [31m  expected to find text "successfully" in "Bookers\nHome Users Books logout\nUser info\nname 2ylzipclyv introduction q5e3hnt4h6k5f1jaf634\nNew book\nTitle\nOpinion\nBooks\nTitle Opinion xa4b8 cej9gj9hdqoaw9rgcuw0\nCopyRight Infratop.inc"[0m
     [31m[0m
     [31m[0m
     [31m[0m
     [36m# ./spec/system/users_spec.rb:118:in `block (4 levels) in <main>'[0m

  4) ユーザーのテスト 編集のテスト 表示の確認 編集に失敗する
     [31mFailure/Error: render edit[0m
     [31m[0m
     [31mAbstractController::DoubleRenderError:[0m
     [31m  Render and/or redirect were called multiple times in this action. Please note that you may only call render OR redirect, and at most once per action. Also note that neither redirect nor render terminate execution of the action, so if you want to exit an action after redirecting, you need to do something like "redirect_to(...) and return".[0m
     [31m[0m
     [31m[0m
     [31m[0m
     [36m# ./app/controllers/users_controller.rb:32:in `update'[0m
     [36m# /home/ec2-user/.rvm/gems/ruby-2.6.3/gems/warden-1.2.9/lib/warden/manager.rb:36:in `block in call'[0m
     [36m# /home/ec2-user/.rvm/gems/ruby-2.6.3/gems/warden-1.2.9/lib/warden/manager.rb:34:in `catch'[0m
     [36m# /home/ec2-user/.rvm/gems/ruby-2.6.3/gems/warden-1.2.9/lib/warden/manager.rb:34:in `call'[0m
     [36m# /home/ec2-user/.rvm/gems/ruby-2.6.3/gems/rack-2.2.3/lib/rack/tempfile_reaper.rb:15:in `call'[0m
     [36m# /home/ec2-user/.rvm/gems/ruby-2.6.3/gems/rack-2.2.3/lib/rack/etag.rb:27:in `call'[0m
     [36m# /home/ec2-user/.rvm/gems/ruby-2.6.3/gems/rack-2.2.3/lib/rack/conditional_get.rb:40:in `call'[0m
     [36m# /home/ec2-user/.rvm/gems/ruby-2.6.3/gems/rack-2.2.3/lib/rack/head.rb:12:in `call'[0m
     [36m# /home/ec2-user/.rvm/gems/ruby-2.6.3/gems/rack-2.2.3/lib/rack/session/abstract/id.rb:266:in `context'[0m
     [36m# /home/ec2-user/.rvm/gems/ruby-2.6.3/gems/rack-2.2.3/lib/rack/session/abstract/id.rb:260:in `call'[0m
     [36m# /home/ec2-user/.rvm/gems/ruby-2.6.3/gems/railties-5.2.4.4/lib/rails/rack/logger.rb:38:in `call_app'[0m
     [36m# /home/ec2-user/.rvm/gems/ruby-2.6.3/gems/railties-5.2.4.4/lib/rails/rack/logger.rb:26:in `block in call'[0m
     [36m# /home/ec2-user/.rvm/gems/ruby-2.6.3/gems/railties-5.2.4.4/lib/rails/rack/logger.rb:26:in `call'[0m
     [36m# /home/ec2-user/.rvm/gems/ruby-2.6.3/gems/rack-2.2.3/lib/rack/method_override.rb:24:in `call'[0m
     [36m# /home/ec2-user/.rvm/gems/ruby-2.6.3/gems/rack-2.2.3/lib/rack/runtime.rb:22:in `call'[0m
     [36m# /home/ec2-user/.rvm/gems/ruby-2.6.3/gems/rack-2.2.3/lib/rack/sendfile.rb:110:in `call'[0m
     [36m# /home/ec2-user/.rvm/gems/ruby-2.6.3/gems/railties-5.2.4.4/lib/rails/engine.rb:524:in `call'[0m
     [36m# /home/ec2-user/.rvm/gems/ruby-2.6.3/gems/rack-2.2.3/lib/rack/urlmap.rb:74:in `block in call'[0m
     [36m# /home/ec2-user/.rvm/gems/ruby-2.6.3/gems/rack-2.2.3/lib/rack/urlmap.rb:58:in `each'[0m
     [36m# /home/ec2-user/.rvm/gems/ruby-2.6.3/gems/rack-2.2.3/lib/rack/urlmap.rb:58:in `call'[0m
     [36m# /home/ec2-user/.rvm/gems/ruby-2.6.3/gems/rack-2.2.3/lib/rack/builder.rb:244:in `call'[0m
     [36m# /home/ec2-user/.rvm/gems/ruby-2.6.3/gems/rack-test-1.1.0/lib/rack/mock_session.rb:29:in `request'[0m
     [36m# /home/ec2-user/.rvm/gems/ruby-2.6.3/gems/rack-test-1.1.0/lib/rack/test.rb:266:in `process_request'[0m
     [36m# /home/ec2-user/.rvm/gems/ruby-2.6.3/gems/rack-test-1.1.0/lib/rack/test.rb:129:in `custom_request'[0m
     [36m# /home/ec2-user/.rvm/gems/ruby-2.6.3/gems/rack-test-1.1.0/lib/rack/test.rb:66:in `post'[0m
     [36m# /home/ec2-user/.rvm/gems/ruby-2.6.3/gems/capybara-3.33.0/lib/capybara/rack_test/browser.rb:70:in `process'[0m
     [36m# /home/ec2-user/.rvm/gems/ruby-2.6.3/gems/capybara-3.33.0/lib/capybara/rack_test/browser.rb:45:in `process_and_follow_redirects'[0m
     [36m# /home/ec2-user/.rvm/gems/ruby-2.6.3/gems/capybara-3.33.0/lib/capybara/rack_test/browser.rb:35:in `submit'[0m
     [36m# /home/ec2-user/.rvm/gems/ruby-2.6.3/gems/capybara-3.33.0/lib/capybara/rack_test/form.rb:43:in `submit'[0m
     [36m# /home/ec2-user/.rvm/gems/ruby-2.6.3/gems/capybara-3.33.0/lib/capybara/rack_test/node.rb:75:in `click'[0m
     [36m# /home/ec2-user/.rvm/gems/ruby-2.6.3/gems/capybara-3.33.0/lib/capybara/rack_test/node.rb:137:in `block (2 levels) in <class:Node>'[0m
     [36m# /home/ec2-user/.rvm/gems/ruby-2.6.3/gems/capybara-3.33.0/lib/capybara/node/element.rb:172:in `block in click'[0m
     [36m# /home/ec2-user/.rvm/gems/ruby-2.6.3/gems/capybara-3.33.0/lib/capybara/node/element.rb:601:in `block in perform_click_action'[0m
     [36m# /home/ec2-user/.rvm/gems/ruby-2.6.3/gems/capybara-3.33.0/lib/capybara/node/base.rb:83:in `synchronize'[0m
     [36m# /home/ec2-user/.rvm/gems/ruby-2.6.3/gems/capybara-3.33.0/lib/capybara/node/element.rb:601:in `perform_click_action'[0m
     [36m# /home/ec2-user/.rvm/gems/ruby-2.6.3/gems/capybara-3.33.0/lib/capybara/node/element.rb:171:in `click'[0m
     [36m# /home/ec2-user/.rvm/gems/ruby-2.6.3/gems/capybara-3.33.0/lib/capybara/node/actions.rb:58:in `click_button'[0m
     [36m# /home/ec2-user/.rvm/gems/ruby-2.6.3/gems/capybara-3.33.0/lib/capybara/session.rb:759:in `block (2 levels) in <class:Session>'[0m
     [36m# /home/ec2-user/.rvm/gems/ruby-2.6.3/gems/capybara-3.33.0/lib/capybara/dsl.rb:58:in `block (2 levels) in <module:DSL>'[0m
     [36m# ./spec/system/users_spec.rb:123:in `block (4 levels) in <main>'[0m

Finished in 4.5 seconds (files took 6.92 seconds to load)
[31m95 examples, 4 failures[0m

Failed examples:

[31mrspec ./spec/system/books_spec.rb:76[0m [36m# 投稿のテスト 編集のテスト フォームの確認 編集に成功する[0m
[31mrspec ./spec/system/users_spec.rb:104[0m [36m# ユーザーのテスト 編集のテスト 表示の確認 User infoと表示される[0m
[31mrspec ./spec/system/users_spec.rb:116[0m [36m# ユーザーのテスト 編集のテスト 表示の確認 編集に成功する[0m
[31mrspec ./spec/system/users_spec.rb:121[0m [36m# ユーザーのテスト 編集のテスト 表示の確認 編集に失敗する[0m

